\BOOKMARK [1][-]{section.1}{Factoring:}{}% 1
\BOOKMARK [1][-]{section.2}{Rules:}{}% 2
\BOOKMARK [1][-]{section.3}{Functions:}{}% 3
\BOOKMARK [2][-]{subsection.3.1}{Finding domain:}{section.3}% 4
\BOOKMARK [2][-]{subsection.3.2}{Picewise:}{section.3}% 5
\BOOKMARK [2][-]{subsection.3.3}{Types}{section.3}% 6
\BOOKMARK [2][-]{subsection.3.4}{Increasing \046 Decreasing:}{section.3}% 7
\BOOKMARK [1][-]{section.4}{Limits}{}% 8
\BOOKMARK [2][-]{subsection.4.1}{Infinite Limits}{section.4}% 9
\BOOKMARK [1][-]{section.5}{Lines}{}% 10
\BOOKMARK [1][-]{section.6}{Limit Laws:}{}% 11
\BOOKMARK [1][-]{section.7}{Piecewise / \(, \) definition of limit}{}% 12
\BOOKMARK [1][-]{section.8}{Continuous Function:}{}% 13
\BOOKMARK [1][-]{section.9}{Lines:}{}% 14
\BOOKMARK [2][-]{subsection.9.1}{Secant Line:}{section.9}% 15
\BOOKMARK [2][-]{subsection.9.2}{Tangent Line:}{section.9}% 16
\BOOKMARK [1][-]{section.10}{Derivatives:}{}% 17
\BOOKMARK [1][-]{section.11}{Derivatives \(cont.\):}{}% 18
\BOOKMARK [1][-]{section.12}{Derivatives Rules:}{}% 19
\BOOKMARK [1][-]{section.13}{Lines:}{}% 20
\BOOKMARK [1][-]{section.14}{Trig Review:}{}% 21
\BOOKMARK [1][-]{section.15}{Trig Identities:}{}% 22
\BOOKMARK [1][-]{section.16}{Derivative of Trig Functions:}{}% 23
\BOOKMARK [1][-]{section.17}{Limit of Trig Functions:}{}% 24
\BOOKMARK [1][-]{section.18}{Composite Function: }{}% 25
\BOOKMARK [1][-]{section.19}{Decomposite Function: }{}% 26
\BOOKMARK [1][-]{section.20}{Chain Rule}{}% 27
\BOOKMARK [1][-]{section.21}{Explicit and Implicit:}{}% 28
\BOOKMARK [1][-]{section.22}{Related Rates:}{}% 29
\BOOKMARK [1][-]{section.23}{Maximum and Minimum Values:}{}% 30
\BOOKMARK [1][-]{section.24}{Increasing/Decreasing Functions:}{}% 31
\BOOKMARK [1][-]{section.25}{Concavity:}{}% 32
\BOOKMARK [1][-]{section.26}{Extreme Value Theorem:}{}% 33
\BOOKMARK [1][-]{section.27}{Fermat's Theorem:}{}% 34
\BOOKMARK [1][-]{section.28}{Critical Number: }{}% 35
\BOOKMARK [1][-]{section.29}{Absolute Extreme: }{}% 36
\BOOKMARK [1][-]{section.30}{Rolle's Theorem}{}% 37
\BOOKMARK [2][-]{subsection.30.1}{Proof}{section.30}% 38
\BOOKMARK [1][-]{section.31}{Mean Value Theorem}{}% 39
\BOOKMARK [1][-]{section.32}{Determining Increasing/Decreasing: }{}% 40
\BOOKMARK [1][-]{section.33}{Local max and min: }{}% 41
\BOOKMARK [1][-]{section.34}{Second Derivative Test}{}% 42
\BOOKMARK [1][-]{section.35}{Finding Concavity}{}% 43
\BOOKMARK [2][-]{subsection.35.1}{Inflection Point:}{section.35}% 44
\BOOKMARK [2][-]{subsection.35.2}{Theorem:}{section.35}% 45
\BOOKMARK [1][-]{section.36}{Limit at }{}% 46
\BOOKMARK [1][-]{section.37}{Horizontal Asymptote}{}% 47
\BOOKMARK [2][-]{subsection.37.1}{Theorem}{section.37}% 48
\BOOKMARK [1][-]{section.38}{Optimization}{}% 49
\BOOKMARK [1][-]{section.39}{Area Under Curve: }{}% 50
\BOOKMARK [1][-]{section.40}{Absolute Extreme Values}{}% 51
\BOOKMARK [1][-]{section.41}{Anti-derivative}{}% 52
\BOOKMARK [2][-]{subsection.41.1}{Theorem}{section.41}% 53
\BOOKMARK [2][-]{subsection.41.2}{Initial Condition Steps}{section.41}% 54
\BOOKMARK [1][-]{section.42}{Differential Equations}{}% 55
\BOOKMARK [1][-]{section.43}{Definite Integral}{}% 56
\BOOKMARK [2][-]{subsection.43.1}{Properties}{section.43}% 57
\BOOKMARK [2][-]{subsection.43.2}{Comparison Properties}{section.43}% 58
\BOOKMARK [1][-]{section.44}{Fundamental Theorem of Calculus \(1\)}{}% 59
\BOOKMARK [1][-]{section.45}{Fundamental Theorem of Calculus \(2\)}{}% 60
\BOOKMARK [2][-]{subsection.45.1}{Notation:}{section.45}% 61
\BOOKMARK [1][-]{section.46}{Properties of Definite Integral}{}% 62
\BOOKMARK [1][-]{section.47}{Indefinite Integral}{}% 63
\BOOKMARK [2][-]{subsection.47.1}{Indefinite vs Definite Integrals}{section.47}% 64
\BOOKMARK [1][-]{section.48}{Integral Rules}{}% 65
\BOOKMARK [1][-]{section.49}{Net Change Theorem}{}% 66
\BOOKMARK [1][-]{section.50}{Integration by Substitution}{}% 67
\BOOKMARK [1][-]{section.51}{Substitution Rule for Definite Integral}{}% 68
\BOOKMARK [1][-]{section.52}{One-to-One Function}{}% 69
\BOOKMARK [2][-]{subsection.52.1}{Horizontal Line Test}{section.52}% 70
\BOOKMARK [2][-]{subsection.52.2}{Remark}{section.52}% 71
\BOOKMARK [1][-]{section.53}{Inverse Function}{}% 72
\BOOKMARK [2][-]{subsection.53.1}{Remark}{section.53}% 73
\BOOKMARK [2][-]{subsection.53.2}{Steps to find inverse}{section.53}% 74
\BOOKMARK [1][-]{section.54}{Derivative of Inverse Function}{}% 75
\BOOKMARK [1][-]{section.55}{Exponential Functions}{}% 76
\BOOKMARK [2][-]{subsection.55.1}{Derivative of Exponential Function}{section.55}% 77
\BOOKMARK [1][-]{section.56}{e}{}% 78
\BOOKMARK [1][-]{section.57}{Log Functions:}{}% 79
\BOOKMARK [1][-]{section.58}{Inverse Function Rules:}{}% 80
\BOOKMARK [1][-]{section.59}{Theorem}{}% 81
\BOOKMARK [1][-]{section.60}{Indeterminate Forms:}{}% 82
\BOOKMARK [1][-]{section.61}{L'Hospital's Rule:}{}% 83
\BOOKMARK [1][-]{section.62}{Area Between Lines}{}% 84
\BOOKMARK [1][-]{section.63}{Average value of f}{}% 85
\BOOKMARK [1][-]{section.64}{Mean Value Theorem for Integrals}{}% 86
\BOOKMARK [1][-]{section.65}{Area of Shape}{}% 87
\BOOKMARK [2][-]{subsection.65.1}{Volume}{section.65}% 88
\BOOKMARK [2][-]{subsection.65.2}{Disk}{section.65}% 89
\BOOKMARK [2][-]{subsection.65.3}{Cross-Section \(washer\)}{section.65}% 90
\BOOKMARK [2][-]{subsection.65.4}{Cylinder}{section.65}% 91
\BOOKMARK [1][-]{section.66}{Integration by Parts}{}% 92
\BOOKMARK [1][-]{section.67}{Partial Fraction Decomposition \(PFD\)}{}% 93
\BOOKMARK [1][-]{section.68}{Trig Sub}{}% 94
\BOOKMARK [1][-]{section.69}{Improper Integrals}{}% 95
\BOOKMARK [1][-]{section.70}{Separable Differential Equations}{}% 96
\BOOKMARK [1][-]{section.71}{First-Order Linear Differential Equations}{}% 97
\BOOKMARK [1][-]{section.72}{Taylor Series}{}% 98
\BOOKMARK [2][-]{subsection.72.1}{Maclaurin Series}{section.72}% 99
\BOOKMARK [2][-]{subsection.72.2}{Linear Approximation}{section.72}% 100
\BOOKMARK [2][-]{subsection.72.3}{Quadratic Approximation:}{section.72}% 101
\BOOKMARK [1][-]{section.73}{Integrating using Series}{}% 102
\BOOKMARK [1][-]{section.74}{Error}{}% 103
\BOOKMARK [2][-]{subsection.74.1}{Alternating}{section.74}% 104
\BOOKMARK [2][-]{subsection.74.2}{Converges}{section.74}% 105
\BOOKMARK [1][-]{section.75}{Sequences \046 Series}{}% 106
\BOOKMARK [1][-]{section.76}{Monotonic Sequence Theorem}{}% 107
\BOOKMARK [1][-]{section.77}{Geometric Series}{}% 108
\BOOKMARK [2][-]{subsection.77.1}{Starting at n =0}{section.77}% 109
\BOOKMARK [1][-]{section.78}{p-Series}{}% 110
\BOOKMARK [1][-]{section.79}{n-th term test}{}% 111
\BOOKMARK [1][-]{section.80}{Ratio Test}{}% 112
\BOOKMARK [1][-]{section.81}{Root Test}{}% 113
\BOOKMARK [1][-]{section.82}{Integral Test}{}% 114
\BOOKMARK [1][-]{section.83}{Limit Comparison Test}{}% 115
\BOOKMARK [1][-]{section.84}{Alternating Series Test}{}% 116
\BOOKMARK [1][-]{section.85}{Absolute vs Conditional}{}% 117
\BOOKMARK [1][-]{section.86}{Factorial Rule}{}% 118
\BOOKMARK [1][-]{section.87}{Feedback}{}% 119
\BOOKMARK [1][-]{section.88}{Euler's Formula}{}% 120
\BOOKMARK [1][-]{section.89}{2nd-order Linear DE}{}% 121
\BOOKMARK [2][-]{subsection.89.1}{Factoring}{section.89}% 122
\BOOKMARK [2][-]{subsection.89.2}{Undetermined Coefficients}{section.89}% 123
\BOOKMARK [2][-]{subsection.89.3}{Solving}{section.89}% 124
\BOOKMARK [3][-]{subsubsection.89.3.1}{If given two possible equations, y1/y2}{subsection.89.3}% 125
\BOOKMARK [3][-]{subsubsection.89.3.2}{Initial Value}{subsection.89.3}% 126
\BOOKMARK [1][-]{section.90}{Parabolic Foci}{}% 127
\BOOKMARK [1][-]{section.91}{Elliptical Foci}{}% 128
\BOOKMARK [1][-]{section.92}{Hyperbolic Foci}{}% 129
\BOOKMARK [1][-]{section.93}{3D}{}% 130
\BOOKMARK [2][-]{subsection.93.1}{Distance in 3D}{section.93}% 131
\BOOKMARK [2][-]{subsection.93.2}{Shapes}{section.93}% 132
\BOOKMARK [2][-]{subsection.93.3}{Finding Intercepts}{section.93}% 133
\BOOKMARK [1][-]{section.94}{Parametric Equations}{}% 134
\BOOKMARK [2][-]{subsection.94.1}{Solving Methods}{section.94}% 135
\BOOKMARK [2][-]{subsection.94.2}{Parametrizing the Curve}{section.94}% 136
\BOOKMARK [2][-]{subsection.94.3}{Size Constraints}{section.94}% 137
\BOOKMARK [2][-]{subsection.94.4}{Slope of Parametric Curve}{section.94}% 138
\BOOKMARK [2][-]{subsection.94.5}{Tangent Lines to Parametric}{section.94}% 139
\BOOKMARK [2][-]{subsection.94.6}{Second Derivative of Parametric Curve}{section.94}% 140
\BOOKMARK [2][-]{subsection.94.7}{Parametric Area}{section.94}% 141
\BOOKMARK [2][-]{subsection.94.8}{Parametric Arc Length}{section.94}% 142
\BOOKMARK [2][-]{subsection.94.9}{Parametric Surface Area}{section.94}% 143
\BOOKMARK [1][-]{section.95}{Polar Coordinates}{}% 144
\BOOKMARK [2][-]{subsection.95.1}{Converting}{section.95}% 145
\BOOKMARK [2][-]{subsection.95.2}{Conics in Polar}{section.95}% 146
\BOOKMARK [2][-]{subsection.95.3}{Area}{section.95}% 147
\BOOKMARK [1][-]{section.96}{Vectors}{}% 148
\BOOKMARK [2][-]{subsection.96.1}{Scalar Multiple}{section.96}% 149
\BOOKMARK [2][-]{subsection.96.2}{Unit Vector}{section.96}% 150
\BOOKMARK [2][-]{subsection.96.3}{Direction Vector}{section.96}% 151
\BOOKMARK [2][-]{subsection.96.4}{Dot Product}{section.96}% 152
\BOOKMARK [2][-]{subsection.96.5}{Cross Product}{section.96}% 153
\BOOKMARK [2][-]{subsection.96.6}{Projection}{section.96}% 154
